0 info it worked if it ends with ok
1 verbose cli [ '/usr/local/bin/node', '/usr/local/bin/npm', 'publish' ]
2 info using npm@4.1.2
3 info using node@v7.6.0
4 verbose publish [ '.' ]
5 silly cache add args [ '.', null ]
6 verbose cache add spec .
7 silly cache add parsed spec Result {
7 silly cache add   raw: '.',
7 silly cache add   scope: null,
7 silly cache add   escapedName: null,
7 silly cache add   name: null,
7 silly cache add   rawSpec: '.',
7 silly cache add   spec: '/Users/tingye/netease/nodecli',
7 silly cache add   type: 'directory' }
8 verbose addLocalDirectory /Users/tingye/.npm/yuncloudcli/1.0.0/package.tgz not in flight; packing
9 verbose correctMkdir /Users/tingye/.npm correctMkdir not in flight; initializing
10 info lifecycle yuncloudcli@1.0.0~prepublish: yuncloudcli@1.0.0
11 silly lifecycle yuncloudcli@1.0.0~prepublish: no script for prepublish, continuing
12 info lifecycle yuncloudcli@1.0.0~prepare: yuncloudcli@1.0.0
13 silly lifecycle yuncloudcli@1.0.0~prepare: no script for prepare, continuing
14 verbose tar pack [ '/Users/tingye/.npm/yuncloudcli/1.0.0/package.tgz',
14 verbose tar pack   '/Users/tingye/netease/nodecli' ]
15 verbose tarball /Users/tingye/.npm/yuncloudcli/1.0.0/package.tgz
16 verbose folder /Users/tingye/netease/nodecli
17 verbose addLocalTarball adding from inside cache /Users/tingye/.npm/yuncloudcli/1.0.0/package.tgz
18 verbose correctMkdir /Users/tingye/.npm correctMkdir not in flight; initializing
19 silly cache afterAdd yuncloudcli@1.0.0
20 verbose afterAdd /Users/tingye/.npm/yuncloudcli/1.0.0/package/package.json not in flight; writing
21 verbose correctMkdir /Users/tingye/.npm correctMkdir not in flight; initializing
22 verbose afterAdd /Users/tingye/.npm/yuncloudcli/1.0.0/package/package.json written
23 silly publish { name: 'yuncloudcli',
23 silly publish   version: '1.0.0',
23 silly publish   description: 'cli',
23 silly publish   main: 'index.js',
23 silly publish   scripts: { test: 'test' },
23 silly publish   bin: { autogo: './bin/autogo.js' },
23 silly publish   keywords: [ 'cli' ],
23 silly publish   author: { name: 'wengyuxiang' },
23 silly publish   license: 'ISC',
23 silly publish   dependencies: { commander: '^2.9.0' },
23 silly publish   readme: 'ERROR: No README data found!',
23 silly publish   _id: 'yuncloudcli@1.0.0',
23 silly publish   _shasum: 'ee99f9a028e8dce4114334fa7037407dea552a64',
23 silly publish   _from: '.' }
24 info lifecycle yuncloudcli@1.0.0~prepublishOnly: yuncloudcli@1.0.0
25 silly lifecycle yuncloudcli@1.0.0~prepublishOnly: no script for prepublishOnly, continuing
26 verbose getPublishConfig undefined
27 silly mapToRegistry name yuncloudcli
28 silly mapToRegistry using default registry
29 silly mapToRegistry registry http://registry.cnpmjs.org/
30 silly mapToRegistry data Result {
30 silly mapToRegistry   raw: 'yuncloudcli',
30 silly mapToRegistry   scope: null,
30 silly mapToRegistry   escapedName: 'yuncloudcli',
30 silly mapToRegistry   name: 'yuncloudcli',
30 silly mapToRegistry   rawSpec: '',
30 silly mapToRegistry   spec: 'latest',
30 silly mapToRegistry   type: 'tag' }
31 silly mapToRegistry uri http://registry.cnpmjs.org/yuncloudcli
32 verbose publish registryBase http://registry.cnpmjs.org/
33 silly publish uploading /Users/tingye/.npm/yuncloudcli/1.0.0/package.tgz
34 verbose request uri http://registry.cnpmjs.org/yuncloudcli
35 verbose request sending authorization for write operation
36 info attempt registry request try #1 at 15:32:07
37 verbose request id 5e928fcfef2defbb
38 http request PUT http://registry.cnpmjs.org/yuncloudcli
39 http 403 http://registry.cnpmjs.org/yuncloudcli
40 verbose headers { server: 'nginx/1.4.6 (Ubuntu)',
40 verbose headers   date: 'Tue, 18 Apr 2017 07:32:07 GMT',
40 verbose headers   'content-type': 'application/json; charset=utf-8',
40 verbose headers   'transfer-encoding': 'chunked',
40 verbose headers   connection: 'keep-alive',
40 verbose headers   'x-current-requests': '1',
40 verbose headers   'x-readtime': '15',
40 verbose headers   'content-encoding': 'gzip' }
41 verbose request invalidating /Users/tingye/.npm/registry.cnpmjs.org/yuncloudcli on PUT
42 error publish Failed PUT 403
43 verbose stack Error: no_perms Private mode enable, only admin can publish this module: yuncloudcli
43 verbose stack     at makeError (/usr/local/lib/node_modules/npm/node_modules/npm-registry-client/lib/request.js:304:12)
43 verbose stack     at CachingRegistryClient.<anonymous> (/usr/local/lib/node_modules/npm/node_modules/npm-registry-client/lib/request.js:292:14)
43 verbose stack     at /usr/local/lib/node_modules/npm/node_modules/npm-registry-client/lib/request.js:218:7
43 verbose stack     at Gunzip.onEnd (zlib.js:213:5)
43 verbose stack     at emitNone (events.js:91:20)
43 verbose stack     at Gunzip.emit (events.js:186:7)
43 verbose stack     at endReadableNT (_stream_readable.js:974:12)
43 verbose stack     at _combinedTickCallback (internal/process/next_tick.js:74:11)
43 verbose stack     at process._tickCallback (internal/process/next_tick.js:98:9)
44 verbose statusCode 403
45 verbose pkgid yuncloudcli
46 verbose cwd /Users/tingye/netease/nodecli
47 error Darwin 15.5.0
48 error argv "/usr/local/bin/node" "/usr/local/bin/npm" "publish"
49 error node v7.6.0
50 error npm  v4.1.2
51 error code E403
52 error no_perms Private mode enable, only admin can publish this module: yuncloudcli
53 error If you need help, you may report this error at:
53 error     <https://github.com/npm/npm/issues>
54 verbose exit [ 1, true ]
